<?xml version="1.0" encoding="UTF-8"?>
<robot generator="Robot 5.0.1 (Python 3.10.4 on win32)" generated="20230718 14:06:22.586" rpa="false" schemaversion="3">
<suite id="s1" name="Valid Login" source="C:\Gibran\DxtSonar\analytics-dxt360-e2e-test\tests\login\valid_login.robot">
<test id="s1-t1" name="Valid Login" line="13">
<kw name="Open Browser To Login Page" library="general">
<kw name="Open Browser" library="SeleniumLibrary">
<arg>${LOGIN URL}</arg>
<arg>${BROWSER}</arg>
<doc>Opens a new browser instance to the optional ``url``.</doc>
<msg timestamp="20230718 14:06:22.821" level="INFO">Opening browser 'Chrome' to base url 'https://login-dxt360.sonarplatform.com/login'.</msg>
<status status="PASS" starttime="20230718 14:06:22.821" endtime="20230718 14:06:24.280"/>
</kw>
<kw name="Maximize Browser Window" library="SeleniumLibrary">
<doc>Maximizes current browser window.</doc>
<status status="PASS" starttime="20230718 14:06:24.280" endtime="20230718 14:06:24.404"/>
</kw>
<kw name="Login Page Should Be Open" library="general">
<kw name="Set Selenium Speed" library="SeleniumLibrary">
<arg>0</arg>
<doc>Sets the delay that is waited after each Selenium command.</doc>
<status status="PASS" starttime="20230718 14:06:24.404" endtime="20230718 14:06:24.404"/>
</kw>
<kw name="Title Should Be" library="SeleniumLibrary">
<arg>Login | DXT360 App</arg>
<doc>Verifies that the current page title equals ``title``.</doc>
<msg timestamp="20230718 14:06:24.404" level="INFO">Page title is 'Login | DXT360 App'.</msg>
<status status="PASS" starttime="20230718 14:06:24.404" endtime="20230718 14:06:24.404"/>
</kw>
<status status="PASS" starttime="20230718 14:06:24.404" endtime="20230718 14:06:24.404"/>
</kw>
<status status="PASS" starttime="20230718 14:06:22.821" endtime="20230718 14:06:24.404"/>
</kw>
<kw name="Input Username" library="general">
<arg>demo.analytics@dxt360.app</arg>
<kw name="Input Text" library="SeleniumLibrary">
<arg>css:input[placeholder="Please enter your email Address"]</arg>
<arg>${username}</arg>
<doc>Types the given ``text`` into the text field identified by ``locator``.</doc>
<msg timestamp="20230718 14:06:24.404" level="INFO">Typing text 'demo.analytics@dxt360.app' into text field 'css:input[placeholder="Please enter your email Address"]'.</msg>
<status status="PASS" starttime="20230718 14:06:24.404" endtime="20230718 14:06:24.536"/>
</kw>
<status status="PASS" starttime="20230718 14:06:24.404" endtime="20230718 14:06:24.538"/>
</kw>
<kw name="Input Password" library="general">
<arg>p3iN%u49</arg>
<kw name="Input Text" library="SeleniumLibrary">
<arg>css:input[placeholder="Please enter your password"]</arg>
<arg>${password}</arg>
<doc>Types the given ``text`` into the text field identified by ``locator``.</doc>
<msg timestamp="20230718 14:06:24.538" level="INFO">Typing text 'p3iN%u49' into text field 'css:input[placeholder="Please enter your password"]'.</msg>
<status status="PASS" starttime="20230718 14:06:24.538" endtime="20230718 14:06:24.605"/>
</kw>
<status status="PASS" starttime="20230718 14:06:24.538" endtime="20230718 14:06:24.605"/>
</kw>
<kw name="Wait Captcha" library="general">
<kw name="Pause Execution" library="Dialogs">
<arg>Enter captcha</arg>
<doc>Pauses execution until user clicks ``Ok`` button.</doc>
<status status="PASS" starttime="20230718 14:06:24.606" endtime="20230718 14:06:30.161"/>
</kw>
<status status="PASS" starttime="20230718 14:06:24.606" endtime="20230718 14:06:30.161"/>
</kw>
<kw name="Submit Credentials" library="general">
<kw name="Set Selenium Speed" library="SeleniumLibrary">
<arg>${DELAY}</arg>
<doc>Sets the delay that is waited after each Selenium command.</doc>
<status status="PASS" starttime="20230718 14:06:30.162" endtime="20230718 14:06:30.162"/>
</kw>
<kw name="Submit Form" library="SeleniumLibrary">
<arg>//form</arg>
<doc>Submits a form identified by ``locator``.</doc>
<msg timestamp="20230718 14:06:30.163" level="INFO">Submitting form '//form'.</msg>
<msg timestamp="20230718 14:06:31.186" level="WARN">Keyword 'Capture Page Screenshot' could not be run on failure: Message: no such window: target window already closed
from unknown error: web view not found
  (Session info: chrome=114.0.5735.199)
Stacktrace:
Backtrace:
	GetHandleVerifier [0x00E8A813+48355]
	(No symbol) [0x00E1C4B1]
	(No symbol) [0x00D25358]
	(No symbol) [0x00D0D293]
	(No symbol) [0x00D6E37B]
	(No symbol) [0x00D7C473]
	(No symbol) [0x00D6A536]
	(No symbol) [0x00D482DC]
	(No symbol) [0x00D493DD]
	GetHandleVerifier [0x010EAABD+2539405]
	GetHandleVerifier [0x0112A78F+2800735]
	GetHandleVerifier [0x0112456C+2775612]
	GetHandleVerifier [0x00F151E0+616112]
	(No symbol) [0x00E25F8C]
	(No symbol) [0x00E22328]
	(No symbol) [0x00E2240B]
	(No symbol) [0x00E14FF7]
	BaseThreadInitThunk [0x76687D59+25]
	RtlInitializeExceptionChain [0x773CB74B+107]
	RtlClearBits [0x773CB6CF+191]
</msg>
<msg timestamp="20230718 14:06:31.186" level="FAIL">NoSuchWindowException: Message: no such window: target window already closed
from unknown error: web view not found
  (Session info: chrome=114.0.5735.199)
Stacktrace:
Backtrace:
	GetHandleVerifier [0x00E8A813+48355]
	(No symbol) [0x00E1C4B1]
	(No symbol) [0x00D25358]
	(No symbol) [0x00D0D293]
	(No symbol) [0x00D6E37B]
	(No symbol) [0x00D7C473]
	(No symbol) [0x00D6A536]
	(No symbol) [0x00D482DC]
	(No symbol) [0x00D493DD]
	GetHandleVerifier [0x010EAABD+2539405]
	GetHandleVerifier [0x0112A78F+2800735]
	GetHandleVerifier [0x0112456C+2775612]
	GetHandleVerifier [0x00F151E0+616112]
	(No symbol) [0x00E25F8C]
	(No symbol) [0x00E22328]
	(No symbol) [0x00E2240B]
	(No symbol) [0x00E14FF7]
	BaseThreadInitThunk [0x76687D59+25]
	RtlInitializeExceptionChain [0x773CB74B+107]
	RtlClearBits [0x773CB6CF+191]
</msg>
<status status="FAIL" starttime="20230718 14:06:30.163" endtime="20230718 14:06:31.202"/>
</kw>
<status status="FAIL" starttime="20230718 14:06:30.162" endtime="20230718 14:06:31.202"/>
</kw>
<kw name="Get Cookies" library="SeleniumLibrary">
<var>${cookies}</var>
<doc>Returns all cookies of the current page.</doc>
<status status="NOT RUN" starttime="20230718 14:06:31.202" endtime="20230718 14:06:31.202"/>
</kw>
<kw name="Create File" library="OperatingSystem">
<arg>session_cookies.txt</arg>
<arg>${cookies}</arg>
<doc>Creates a file with the given content and encoding.</doc>
<status status="NOT RUN" starttime="20230718 14:06:31.202" endtime="20230718 14:06:31.202"/>
</kw>
<status status="FAIL" starttime="20230718 14:06:22.821" endtime="20230718 14:06:31.202">NoSuchWindowException: Message: no such window: target window already closed
from unknown error: web view not found
  (Session info: chrome=114.0.5735.199)
Stacktrace:
Backtrace:
	GetHandleVerifier [0x00E8A813+48355]
	(No symbol) [0x00E1C4B1]
	(No symbol) [0x00D25358]
	(No symbol) [0x00D0D293]
	(No symbol) [0x00D6E37B]
	(No symbol) [0x00D7C473]
	(No symbol) [0x00D6A536]
	(No symbol) [0x00D482DC]
	(No symbol) [0x00D493DD]
	GetHandleVerifier [0x010EAABD+2539405]
	GetHandleVerifier [0x0112A78F+2800735]
	GetHandleVerifier [0x0112456C+2775612]
	GetHandleVerifier [0x00F151E0+616112]
	(No symbol) [0x00E25F8C]
	(No symbol) [0x00E22328]
	(No symbol) [0x00E2240B]
	(No symbol) [0x00E14FF7]
	BaseThreadInitThunk [0x76687D59+25]
	RtlInitializeExceptionChain [0x773CB74B+107]
	RtlClearBits [0x773CB6CF+191]
</status>
</test>
<test id="s1-t2" name="Open Analytics" line="26">
<kw name="Go To" library="SeleniumLibrary">
<arg>${WELCOME URL}</arg>
<doc>Navigates the current browser window to the provided ``url``.</doc>
<msg timestamp="20230718 14:06:31.202" level="INFO">Opening url 'https://login-dxt360.sonarplatform.com/'</msg>
<msg timestamp="20230718 14:06:31.218" level="WARN">Keyword 'Capture Page Screenshot' could not be run on failure: Message: no such window: target window already closed
from unknown error: web view not found
  (Session info: chrome=114.0.5735.199)
Stacktrace:
Backtrace:
	GetHandleVerifier [0x00E8A813+48355]
	(No symbol) [0x00E1C4B1]
	(No symbol) [0x00D25358]
	(No symbol) [0x00D0D293]
	(No symbol) [0x00D6E37B]
	(No symbol) [0x00D7C473]
	(No symbol) [0x00D6A536]
	(No symbol) [0x00D482DC]
	(No symbol) [0x00D493DD]
	GetHandleVerifier [0x010EAABD+2539405]
	GetHandleVerifier [0x0112A78F+2800735]
	GetHandleVerifier [0x0112456C+2775612]
	GetHandleVerifier [0x00F151E0+616112]
	(No symbol) [0x00E25F8C]
	(No symbol) [0x00E22328]
	(No symbol) [0x00E2240B]
	(No symbol) [0x00E14FF7]
	BaseThreadInitThunk [0x76687D59+25]
	RtlInitializeExceptionChain [0x773CB74B+107]
	RtlClearBits [0x773CB6CF+191]
</msg>
<msg timestamp="20230718 14:06:31.218" level="FAIL">NoSuchWindowException: Message: no such window: target window already closed
from unknown error: web view not found
  (Session info: chrome=114.0.5735.199)
Stacktrace:
Backtrace:
	GetHandleVerifier [0x00E8A813+48355]
	(No symbol) [0x00E1C4B1]
	(No symbol) [0x00D25358]
	(No symbol) [0x00D0D293]
	(No symbol) [0x00D6E37B]
	(No symbol) [0x00D7C473]
	(No symbol) [0x00D6A536]
	(No symbol) [0x00D482DC]
	(No symbol) [0x00D493DD]
	GetHandleVerifier [0x010EAABD+2539405]
	GetHandleVerifier [0x0112A78F+2800735]
	GetHandleVerifier [0x0112456C+2775612]
	GetHandleVerifier [0x00F151E0+616112]
	(No symbol) [0x00E25F8C]
	(No symbol) [0x00E22328]
	(No symbol) [0x00E2240B]
	(No symbol) [0x00E14FF7]
	BaseThreadInitThunk [0x76687D59+25]
	RtlInitializeExceptionChain [0x773CB74B+107]
	RtlClearBits [0x773CB6CF+191]
</msg>
<status status="FAIL" starttime="20230718 14:06:31.202" endtime="20230718 14:06:31.218"/>
</kw>
<kw name="Load Saved Cookies" library="general" type="TEARDOWN">
<kw name="Get File" library="OperatingSystem">
<var>${cookies}</var>
<arg>session_cookies.txt</arg>
<doc>Returns the contents of a specified file.</doc>
<msg timestamp="20230718 14:06:31.218" level="INFO" html="true">Getting file '&lt;a href="file://C:\Gibran\DxtSonar\analytics-dxt360-e2e-test\session_cookies.txt"&gt;C:\Gibran\DxtSonar\analytics-dxt360-e2e-test\session_cookies.txt&lt;/a&gt;'.</msg>
<msg timestamp="20230718 14:06:31.218" level="INFO">${cookies} = __Secure-next-auth.session-token.dxt=eyJhbGciOiJkaXIiLCJlbmMiOiJBMjU2R0NNIn0..e7hPb1jHcOmqqa3a.biFEIGElNIyI_a39Nika8qXts-2ZjdxfYASbKX1PiVGVUJyNiVVOnphu_5gcg5U-B6lWmSy0vZEc4KUTdnK1fYocPkFYMVbSkm8WgBgmc...</msg>
<status status="PASS" starttime="20230718 14:06:31.218" endtime="20230718 14:06:31.218"/>
</kw>
<kw name="Delete All Cookies" library="SeleniumLibrary">
<doc>Deletes all cookies.</doc>
<msg timestamp="20230718 14:06:31.218" level="WARN">Keyword 'Capture Page Screenshot' could not be run on failure: Message: no such window: target window already closed
from unknown error: web view not found
  (Session info: chrome=114.0.5735.199)
Stacktrace:
Backtrace:
	GetHandleVerifier [0x00E8A813+48355]
	(No symbol) [0x00E1C4B1]
	(No symbol) [0x00D25358]
	(No symbol) [0x00D0D293]
	(No symbol) [0x00D6E37B]
	(No symbol) [0x00D7C473]
	(No symbol) [0x00D6A536]
	(No symbol) [0x00D482DC]
	(No symbol) [0x00D493DD]
	GetHandleVerifier [0x010EAABD+2539405]
	GetHandleVerifier [0x0112A78F+2800735]
	GetHandleVerifier [0x0112456C+2775612]
	GetHandleVerifier [0x00F151E0+616112]
	(No symbol) [0x00E25F8C]
	(No symbol) [0x00E22328]
	(No symbol) [0x00E2240B]
	(No symbol) [0x00E14FF7]
	BaseThreadInitThunk [0x76687D59+25]
	RtlInitializeExceptionChain [0x773CB74B+107]
	RtlClearBits [0x773CB6CF+191]
</msg>
<msg timestamp="20230718 14:06:31.218" level="FAIL">NoSuchWindowException: Message: no such window: target window already closed
from unknown error: web view not found
  (Session info: chrome=114.0.5735.199)
Stacktrace:
Backtrace:
	GetHandleVerifier [0x00E8A813+48355]
	(No symbol) [0x00E1C4B1]
	(No symbol) [0x00D25358]
	(No symbol) [0x00D0D293]
	(No symbol) [0x00D6E37B]
	(No symbol) [0x00D7C473]
	(No symbol) [0x00D6A536]
	(No symbol) [0x00D482DC]
	(No symbol) [0x00D493DD]
	GetHandleVerifier [0x010EAABD+2539405]
	GetHandleVerifier [0x0112A78F+2800735]
	GetHandleVerifier [0x0112456C+2775612]
	GetHandleVerifier [0x00F151E0+616112]
	(No symbol) [0x00E25F8C]
	(No symbol) [0x00E22328]
	(No symbol) [0x00E2240B]
	(No symbol) [0x00E14FF7]
	BaseThreadInitThunk [0x76687D59+25]
	RtlInitializeExceptionChain [0x773CB74B+107]
	RtlClearBits [0x773CB6CF+191]
</msg>
<status status="FAIL" starttime="20230718 14:06:31.218" endtime="20230718 14:06:31.218"/>
</kw>
<for flavor="IN">
<var>${cookie_line}</var>
<value>@{cookies.splitlines()}</value>
<iter>
<var name="${cookie_line}">__Secure-next-auth.session-token.dxt=eyJhbGciOiJkaXIiLCJlbmMiOiJBMjU2R0NNIn0..e7hPb1jHcOmqqa3a.biFEIGElNIyI_a39Nika8qXts-2ZjdxfYASbKX1PiVGVUJyNiVVOnphu_5gcg5U-B6lWmSy0vZEc4KUTdnK1fYocPkFYMVbSkm8WgBgmc...</var>
<kw name="Run Keyword If" library="BuiltIn">
<arg>'${cookie_line}' != ''</arg>
<arg>Process Cookie Line</arg>
<arg>${cookie_line}</arg>
<doc>Runs the given keyword with the given arguments, if ``condition`` is true.</doc>
<kw name="Process Cookie Line" library="general">
<arg>${cookie_line}</arg>
<kw name="Evaluate" library="BuiltIn">
<var>${name_and_value}</var>
<arg>$cookie_line.split(';')[0]</arg>
<doc>Evaluates the given expression in Python and returns the result.</doc>
<msg timestamp="20230718 14:06:31.218" level="INFO">${name_and_value} = __Secure-next-auth.session-token.dxt=eyJhbGciOiJkaXIiLCJlbmMiOiJBMjU2R0NNIn0..e7hPb1jHcOmqqa3a.biFEIGElNIyI_a39Nika8qXts-2ZjdxfYASbKX1PiVGVUJyNiVVOnphu_5gcg5U-B6lWmSy0vZEc4KUTdnK1fYocPkFYMVbSkm8WgBgmc...</msg>
<status status="PASS" starttime="20230718 14:06:31.218" endtime="20230718 14:06:31.218"/>
</kw>
<kw name="Evaluate" library="BuiltIn">
<var>${name}</var>
<var>${value}</var>
<arg>$name_and_value.split('=', 1)</arg>
<doc>Evaluates the given expression in Python and returns the result.</doc>
<msg timestamp="20230718 14:06:31.218" level="INFO">${name} = __Secure-next-auth.session-token.dxt</msg>
<msg timestamp="20230718 14:06:31.218" level="INFO">${value} = eyJhbGciOiJkaXIiLCJlbmMiOiJBMjU2R0NNIn0..e7hPb1jHcOmqqa3a.biFEIGElNIyI_a39Nika8qXts-2ZjdxfYASbKX1PiVGVUJyNiVVOnphu_5gcg5U-B6lWmSy0vZEc4KUTdnK1fYocPkFYMVbSkm8WgBgmcAbws1p4aO4UnMQwNi5PSgd86t635JtFnD270b...</msg>
<status status="PASS" starttime="20230718 14:06:31.218" endtime="20230718 14:06:31.218"/>
</kw>
<kw name="Add Cookie" library="SeleniumLibrary">
<arg>${name}</arg>
<arg>${value}</arg>
<doc>Adds a cookie to your current session.</doc>
<msg timestamp="20230718 14:06:31.233" level="WARN">Keyword 'Capture Page Screenshot' could not be run on failure: Message: no such window: target window already closed
from unknown error: web view not found
  (Session info: chrome=114.0.5735.199)
Stacktrace:
Backtrace:
	GetHandleVerifier [0x00E8A813+48355]
	(No symbol) [0x00E1C4B1]
	(No symbol) [0x00D25358]
	(No symbol) [0x00D0D293]
	(No symbol) [0x00D6E37B]
	(No symbol) [0x00D7C473]
	(No symbol) [0x00D6A536]
	(No symbol) [0x00D482DC]
	(No symbol) [0x00D493DD]
	GetHandleVerifier [0x010EAABD+2539405]
	GetHandleVerifier [0x0112A78F+2800735]
	GetHandleVerifier [0x0112456C+2775612]
	GetHandleVerifier [0x00F151E0+616112]
	(No symbol) [0x00E25F8C]
	(No symbol) [0x00E22328]
	(No symbol) [0x00E2240B]
	(No symbol) [0x00E14FF7]
	BaseThreadInitThunk [0x76687D59+25]
	RtlInitializeExceptionChain [0x773CB74B+107]
	RtlClearBits [0x773CB6CF+191]
</msg>
<msg timestamp="20230718 14:06:31.233" level="FAIL">NoSuchWindowException: Message: no such window: target window already closed
from unknown error: web view not found
  (Session info: chrome=114.0.5735.199)
Stacktrace:
Backtrace:
	GetHandleVerifier [0x00E8A813+48355]
	(No symbol) [0x00E1C4B1]
	(No symbol) [0x00D25358]
	(No symbol) [0x00D0D293]
	(No symbol) [0x00D6E37B]
	(No symbol) [0x00D7C473]
	(No symbol) [0x00D6A536]
	(No symbol) [0x00D482DC]
	(No symbol) [0x00D493DD]
	GetHandleVerifier [0x010EAABD+2539405]
	GetHandleVerifier [0x0112A78F+2800735]
	GetHandleVerifier [0x0112456C+2775612]
	GetHandleVerifier [0x00F151E0+616112]
	(No symbol) [0x00E25F8C]
	(No symbol) [0x00E22328]
	(No symbol) [0x00E2240B]
	(No symbol) [0x00E14FF7]
	BaseThreadInitThunk [0x76687D59+25]
	RtlInitializeExceptionChain [0x773CB74B+107]
	RtlClearBits [0x773CB6CF+191]
</msg>
<status status="FAIL" starttime="20230718 14:06:31.218" endtime="20230718 14:06:31.233"/>
</kw>
<status status="FAIL" starttime="20230718 14:06:31.218" endtime="20230718 14:06:31.233"/>
</kw>
<status status="FAIL" starttime="20230718 14:06:31.218" endtime="20230718 14:06:31.233"/>
</kw>
<status status="FAIL" starttime="20230718 14:06:31.218" endtime="20230718 14:06:31.233"/>
</iter>
<status status="FAIL" starttime="20230718 14:06:31.218" endtime="20230718 14:06:31.233"/>
</for>
<status status="FAIL" starttime="20230718 14:06:31.218" endtime="20230718 14:06:31.233">Several failures occurred:

1) NoSuchWindowException: Message: no such window: target window already closed
from unknown error: web view not found
  (Session info: chrome=114.0.5735.199)
Stacktrace:
Backtrace:
	GetHandleVerifier [0x00E8A813+48355]
	(No symbol) [0x00E1C4B1]
	(No symbol) [0x00D25358]
	(No symbol) [0x00D0D293]
	(No symbol) [0x00D6E37B]
	(No symbol) [0x00D7C473]
	(No symbol) [0x00D6A536]
	(No symbol) [0x00D482DC]
	(No symbol) [0x00D493DD]
	GetHandleVerifier [0x010EAABD+2539405]
	GetHandleVerifier [0x0112A78F+2800735]
	GetHandleVerifier [0x0112456C+2775612]
    [ Message content over the limit has been removed. ]
	GetHandleVerifier [0x00E8A813+48355]
	(No symbol) [0x00E1C4B1]
	(No symbol) [0x00D25358]
	(No symbol) [0x00D0D293]
	(No symbol) [0x00D6E37B]
	(No symbol) [0x00D7C473]
	(No symbol) [0x00D6A536]
	(No symbol) [0x00D482DC]
	(No symbol) [0x00D493DD]
	GetHandleVerifier [0x010EAABD+2539405]
	GetHandleVerifier [0x0112A78F+2800735]
	GetHandleVerifier [0x0112456C+2775612]
	GetHandleVerifier [0x00F151E0+616112]
	(No symbol) [0x00E25F8C]
	(No symbol) [0x00E22328]
	(No symbol) [0x00E2240B]
	(No symbol) [0x00E14FF7]
	BaseThreadInitThunk [0x76687D59+25]
	RtlInitializeExceptionChain [0x773CB74B+107]
	RtlClearBits [0x773CB6CF+191]</status>
</kw>
<status status="FAIL" starttime="20230718 14:06:31.202" endtime="20230718 14:06:31.233">NoSuchWindowException: Message: no such window: target window already closed
from unknown error: web view not found
  (Session info: chrome=114.0.5735.199)
Stacktrace:
Backtrace:
	GetHandleVerifier [0x00E8A813+48355]
	(No symbol) [0x00E1C4B1]
	(No symbol) [0x00D25358]
	(No symbol) [0x00D0D293]
	(No symbol) [0x00D6E37B]
	(No symbol) [0x00D7C473]
	(No symbol) [0x00D6A536]
	(No symbol) [0x00D482DC]
	(No symbol) [0x00D493DD]
	GetHandleVerifier [0x010EAABD+2539405]
	GetHandleVerifier [0x0112A78F+2800735]
	GetHandleVerifier [0x0112456C+2775612]
	GetHandleVerifier [0x00F151E0+616112]
	(No symbol) [0x00E25F8C]
	(No symbol) [0x00E22328]
	(No symbol) [0x00E2240B]
	(No symbol) [0x00E14FF7]
	BaseThreadInitThunk [0x76687D59+25]
	RtlInitializeExceptionChain [0x773CB74B+107]
	RtlClearBits [0x773CB6CF+191]


Also teardown failed:
Several failures occurred:

1) NoSuchWindowException: Message: no such window: target window already closed
from unknown error: web view not found
  (Session info: chrome=114.0.5735.199)
Stacktrace:
Backtrace:
	GetHandleVerifier [0x00E8A813+48355]
	(No symbol) [0x00E1C4B1]
	(No symbol) [0x00D25358]
	(No symbol) [0x00D0D293]
	(No symbol) [0x00D6E37B]
	(No symbol) [0x00D7C473]
	(No symbol) [0x00D6A536]
	(No symbol) [0x00D482DC]
	(No symbol) [0x00D493DD]
	GetHandleVerifier [0x010EAABD+2539405]
	GetHandleVerifier [0x0112A78F+2800735]
	GetHandleVerifier [0x0112456C+2775612]
    [ Message content over the limit has been removed. ]
	GetHandleVerifier [0x00E8A813+48355]
	(No symbol) [0x00E1C4B1]
	(No symbol) [0x00D25358]
	(No symbol) [0x00D0D293]
	(No symbol) [0x00D6E37B]
	(No symbol) [0x00D7C473]
	(No symbol) [0x00D6A536]
	(No symbol) [0x00D482DC]
	(No symbol) [0x00D493DD]
	GetHandleVerifier [0x010EAABD+2539405]
	GetHandleVerifier [0x0112A78F+2800735]
	GetHandleVerifier [0x0112456C+2775612]
	GetHandleVerifier [0x00F151E0+616112]
	(No symbol) [0x00E25F8C]
	(No symbol) [0x00E22328]
	(No symbol) [0x00E2240B]
	(No symbol) [0x00E14FF7]
	BaseThreadInitThunk [0x76687D59+25]
	RtlInitializeExceptionChain [0x773CB74B+107]
	RtlClearBits [0x773CB6CF+191]</status>
</test>
<doc>A test suite with a single test for valid login.

This test has a workflow that is created using keywords in
the imported resource file.</doc>
<status status="FAIL" starttime="20230718 14:06:22.586" endtime="20230718 14:06:31.233"/>
</suite>
<statistics>
<total>
<stat pass="0" fail="2" skip="0">All Tests</stat>
</total>
<tag>
</tag>
<suite>
<stat pass="0" fail="2" skip="0" id="s1" name="Valid Login">Valid Login</stat>
</suite>
</statistics>
<errors>
<msg timestamp="20230718 14:06:22.617" level="ERROR">Error in file 'C:\Gibran\DxtSonar\analytics-dxt360-e2e-test\resources\general.resource' on line 7: Importing library 'C:\Gibran\DxtSonar\analytics-dxt360-e2e-test\resources\CookieLibrary.py' failed: SyntaxError: invalid syntax (CookieLibrary.py, line 18)
Traceback (most recent call last):
  None
PYTHONPATH:
  C:\Gibran\DxtSonar\analytics-dxt360-e2e-test\resources
  C:\Users\upt sg3\AppData\Local\Programs\Python\Python310\Scripts\robot.exe
  C:\Users\upt sg3\AppData\Local\Programs\Python\Python310\python310.zip
  C:\Users\upt sg3\AppData\Local\Programs\Python\Python310\DLLs
  C:\Users\upt sg3\AppData\Local\Programs\Python\Python310\lib
  C:\Users\upt sg3\AppData\Local\Programs\Python\Python310
  C:\Users\upt sg3\AppData\Roaming\Python\Python310\site-packages
  C:\Users\upt sg3\AppData\Local\Programs\Python\Python310\lib\site-packages
  C:\Users\upt sg3\AppData\Local\Programs\Python\Python310\lib\site-packages\win32
  C:\Users\upt sg3\AppData\Local\Programs\Python\Python310\lib\site-packages\win32\lib
  C:\Users\upt sg3\AppData\Local\Programs\Python\Python310\lib\site-packages\Pythonwin</msg>
<msg timestamp="20230718 14:06:31.186" level="WARN">Keyword 'Capture Page Screenshot' could not be run on failure: Message: no such window: target window already closed
from unknown error: web view not found
  (Session info: chrome=114.0.5735.199)
Stacktrace:
Backtrace:
	GetHandleVerifier [0x00E8A813+48355]
	(No symbol) [0x00E1C4B1]
	(No symbol) [0x00D25358]
	(No symbol) [0x00D0D293]
	(No symbol) [0x00D6E37B]
	(No symbol) [0x00D7C473]
	(No symbol) [0x00D6A536]
	(No symbol) [0x00D482DC]
	(No symbol) [0x00D493DD]
	GetHandleVerifier [0x010EAABD+2539405]
	GetHandleVerifier [0x0112A78F+2800735]
	GetHandleVerifier [0x0112456C+2775612]
	GetHandleVerifier [0x00F151E0+616112]
	(No symbol) [0x00E25F8C]
	(No symbol) [0x00E22328]
	(No symbol) [0x00E2240B]
	(No symbol) [0x00E14FF7]
	BaseThreadInitThunk [0x76687D59+25]
	RtlInitializeExceptionChain [0x773CB74B+107]
	RtlClearBits [0x773CB6CF+191]
</msg>
<msg timestamp="20230718 14:06:31.218" level="WARN">Keyword 'Capture Page Screenshot' could not be run on failure: Message: no such window: target window already closed
from unknown error: web view not found
  (Session info: chrome=114.0.5735.199)
Stacktrace:
Backtrace:
	GetHandleVerifier [0x00E8A813+48355]
	(No symbol) [0x00E1C4B1]
	(No symbol) [0x00D25358]
	(No symbol) [0x00D0D293]
	(No symbol) [0x00D6E37B]
	(No symbol) [0x00D7C473]
	(No symbol) [0x00D6A536]
	(No symbol) [0x00D482DC]
	(No symbol) [0x00D493DD]
	GetHandleVerifier [0x010EAABD+2539405]
	GetHandleVerifier [0x0112A78F+2800735]
	GetHandleVerifier [0x0112456C+2775612]
	GetHandleVerifier [0x00F151E0+616112]
	(No symbol) [0x00E25F8C]
	(No symbol) [0x00E22328]
	(No symbol) [0x00E2240B]
	(No symbol) [0x00E14FF7]
	BaseThreadInitThunk [0x76687D59+25]
	RtlInitializeExceptionChain [0x773CB74B+107]
	RtlClearBits [0x773CB6CF+191]
</msg>
<msg timestamp="20230718 14:06:31.218" level="WARN">Keyword 'Capture Page Screenshot' could not be run on failure: Message: no such window: target window already closed
from unknown error: web view not found
  (Session info: chrome=114.0.5735.199)
Stacktrace:
Backtrace:
	GetHandleVerifier [0x00E8A813+48355]
	(No symbol) [0x00E1C4B1]
	(No symbol) [0x00D25358]
	(No symbol) [0x00D0D293]
	(No symbol) [0x00D6E37B]
	(No symbol) [0x00D7C473]
	(No symbol) [0x00D6A536]
	(No symbol) [0x00D482DC]
	(No symbol) [0x00D493DD]
	GetHandleVerifier [0x010EAABD+2539405]
	GetHandleVerifier [0x0112A78F+2800735]
	GetHandleVerifier [0x0112456C+2775612]
	GetHandleVerifier [0x00F151E0+616112]
	(No symbol) [0x00E25F8C]
	(No symbol) [0x00E22328]
	(No symbol) [0x00E2240B]
	(No symbol) [0x00E14FF7]
	BaseThreadInitThunk [0x76687D59+25]
	RtlInitializeExceptionChain [0x773CB74B+107]
	RtlClearBits [0x773CB6CF+191]
</msg>
<msg timestamp="20230718 14:06:31.233" level="WARN">Keyword 'Capture Page Screenshot' could not be run on failure: Message: no such window: target window already closed
from unknown error: web view not found
  (Session info: chrome=114.0.5735.199)
Stacktrace:
Backtrace:
	GetHandleVerifier [0x00E8A813+48355]
	(No symbol) [0x00E1C4B1]
	(No symbol) [0x00D25358]
	(No symbol) [0x00D0D293]
	(No symbol) [0x00D6E37B]
	(No symbol) [0x00D7C473]
	(No symbol) [0x00D6A536]
	(No symbol) [0x00D482DC]
	(No symbol) [0x00D493DD]
	GetHandleVerifier [0x010EAABD+2539405]
	GetHandleVerifier [0x0112A78F+2800735]
	GetHandleVerifier [0x0112456C+2775612]
	GetHandleVerifier [0x00F151E0+616112]
	(No symbol) [0x00E25F8C]
	(No symbol) [0x00E22328]
	(No symbol) [0x00E2240B]
	(No symbol) [0x00E14FF7]
	BaseThreadInitThunk [0x76687D59+25]
	RtlInitializeExceptionChain [0x773CB74B+107]
	RtlClearBits [0x773CB6CF+191]
</msg>
</errors>
</robot>
